{"level":"warn","url":"tdarr.homeylab.org","time":"2024-09-12T02:37:32-04:00","message":"No scheme provided, defaulting to https"}
{"level":"info","url":"https://tdarr.homeylab.org","time":"2024-09-12T02:37:32-04:00","message":"Using provided full url for tdarr instance"}
{"level":"debug","config":{"LogLevel":"debug","UrlParsed":{"Scheme":"https","Opaque":"","User":null,"Host":"tdarr.homeylab.org","Path":"","RawPath":"","OmitHost":false,"ForceQuery":false,"RawQuery":"","Fragment":"","RawFragment":""},"InstanceName":"tdarr.homeylab.org","ApiKey":"","VerifySsl":true,"PrometheusPort":"9090","PrometheusPath":"/metrics","HttpTimeoutSeconds":15,"TdarrStatsPath":"/api/v2/cruddb","TdarrPieStatsPath":"/api/v2/stats/get-pies","TdarrNodePath":"/api/v2/get-nodes","HttpMaxConcurrency":3},"time":"2024-09-12T02:37:32-04:00","message":"Using generated configuration"}
{"level":"info","interface":"0.0.0.0","port":"9090","time":"2024-09-12T02:37:32-04:00","message":"Starting HTTP Server"}
{"level":"info","time":"2024-09-12T02:37:32-04:00","message":"HTTP Server started"}
{"level":"debug","payload":{"data":{"collection":"StatisticsJSONDB","mode":"getById","docID":"statistics","obj":{}}},"time":"2024-09-12T02:37:34-04:00","message":"Requesting statistics data from Tdarr"}
{"level":"debug","url":"https://tdarr.homeylab.org/api/v2/cruddb","time":"2024-09-12T02:37:34-04:00","message":"Sending HTTP POST request"}
{"level":"debug","urlPath":"/api/v2/cruddb","payload":{"data":{"collection":"StatisticsJSONDB","mode":"getById","docID":"statistics","obj":{}}},"response":{"totalFileCount":20896,"totalTranscodeCount":34320,"totalHealthCheckCount":55432,"sizeDiff":53.06268576811999,"pies":[],"tdarrScore":"98.62","healthCheckScore":"95.94","avgNumberOfStreamsInVideo":5.265702119423207,"streamStats":{"duration":{"average":2257,"highest":10159,"total":803389},"bit_rate":{"average":2822903,"highest":16049561,"total":999307507},"nb_frames":{"average":60357,"highest":243552,"total":21426402}}},"time":"2024-09-12T02:37:34-04:00","message":"Stats API Response"}
{"level":"debug","time":"2024-09-12T02:37:34-04:00","message":"No pie data found in general stats response, attempting to parse via new API `/api/v2/stats/get-pies`"}
{"level":"debug","cachedFileCount":0,"apiFileCount":20896,"time":"2024-09-12T02:37:34-04:00","message":"Total files mismatch - gathering metrics"}
{"level":"debug","cachedTranscodeCount":0,"apiTranscodeCount":34320,"time":"2024-09-12T02:37:34-04:00","message":"Total transcodes mismatch - gathering metrics"}
{"level":"debug","cachedFileCount":0,"apiFileCount":20896,"time":"2024-09-12T02:37:34-04:00","message":"Total healthcheck mismatch - gathering metrics"}
{"level":"debug","payload":{"data":{"collection":"LibrarySettingsJSONDB","mode":"getAll","docID":"","obj":{}}},"time":"2024-09-12T02:37:34-04:00","message":"Requesting statistics data from Tdarr"}
{"level":"debug","url":"https://tdarr.homeylab.org/api/v2/cruddb","time":"2024-09-12T02:37:34-04:00","message":"Sending HTTP POST request"}
{"level":"debug","urlPath":"/api/v2/cruddb","payload":{"data":{"collection":"LibrarySettingsJSONDB","mode":"getAll","docID":"","obj":{}}},"response":[{"_id":"CIuwp8jb4","name":"Foreign Movies"},{"_id":"BwvMuegAQ","name":"Foreign Shows"},{"_id":"ZfkUZfgGm","name":"Movies"},{"_id":"Kpsplb0v9","name":"Anime - Dual Audio"},{"_id":"S80kO6nvt","name":"Shows"},{"_id":"RrXWH144g","name":"Anime"}],"time":"2024-09-12T02:37:34-04:00","message":"Stats API Response"}
{"level":"debug","payload":{"data":{"libraryId":"CIuwp8jb4"}},"time":"2024-09-12T02:37:34-04:00","message":"Requesting Lib stats pie data from Tdarr"}
{"level":"debug","payload":{"data":{"libraryId":"CIuwp8jb4"}},"time":"2024-09-12T02:37:34-04:00","message":"Requesting statistics data from Tdarr"}
{"level":"debug","url":"https://tdarr.homeylab.org/api/v2/stats/get-pies","time":"2024-09-12T02:37:34-04:00","message":"Sending HTTP POST request"}
{"level":"debug","payload":{"data":{"libraryId":"BwvMuegAQ"}},"time":"2024-09-12T02:37:34-04:00","message":"Requesting Lib stats pie data from Tdarr"}
{"level":"debug","payload":{"data":{"libraryId":"ZfkUZfgGm"}},"time":"2024-09-12T02:37:34-04:00","message":"Requesting Lib stats pie data from Tdarr"}
{"level":"debug","payload":{"data":{"libraryId":"ZfkUZfgGm"}},"time":"2024-09-12T02:37:34-04:00","message":"Requesting statistics data from Tdarr"}
{"level":"debug","url":"https://tdarr.homeylab.org/api/v2/stats/get-pies","time":"2024-09-12T02:37:34-04:00","message":"Sending HTTP POST request"}
{"level":"debug","payload":{"data":{"libraryId":"BwvMuegAQ"}},"time":"2024-09-12T02:37:34-04:00","message":"Requesting statistics data from Tdarr"}
{"level":"debug","url":"https://tdarr.homeylab.org/api/v2/stats/get-pies","time":"2024-09-12T02:37:34-04:00","message":"Sending HTTP POST request"}
{"level":"debug","payload":{"data":{"collection":"StatisticsJSONDB","mode":"getById","docID":"statistics","obj":{}}},"time":"2024-09-12T02:37:35-04:00","message":"Requesting statistics data from Tdarr"}
{"level":"debug","url":"https://tdarr.homeylab.org/api/v2/cruddb","time":"2024-09-12T02:37:35-04:00","message":"Sending HTTP POST request"}
{"level":"debug","urlPath":"/api/v2/cruddb","payload":{"data":{"collection":"StatisticsJSONDB","mode":"getById","docID":"statistics","obj":{}}},"response":{"totalFileCount":20896,"totalTranscodeCount":34320,"totalHealthCheckCount":55432,"sizeDiff":53.06268576811999,"pies":[],"tdarrScore":"98.62","healthCheckScore":"95.94","avgNumberOfStreamsInVideo":5.265702119423207,"streamStats":{"duration":{"average":2257,"highest":10159,"total":803389},"bit_rate":{"average":2822903,"highest":16049561,"total":999307507},"nb_frames":{"average":60357,"highest":243552,"total":21426402}}},"time":"2024-09-12T02:37:35-04:00","message":"Stats API Response"}
{"level":"debug","time":"2024-09-12T02:37:35-04:00","message":"No pie data found in general stats response, attempting to parse via new API `/api/v2/stats/get-pies`"}
{"level":"debug","cachedFileCount":0,"apiFileCount":20896,"time":"2024-09-12T02:37:35-04:00","message":"Total files mismatch - gathering metrics"}
{"level":"debug","cachedTranscodeCount":0,"apiTranscodeCount":34320,"time":"2024-09-12T02:37:35-04:00","message":"Total transcodes mismatch - gathering metrics"}
{"level":"debug","cachedFileCount":0,"apiFileCount":20896,"time":"2024-09-12T02:37:35-04:00","message":"Total healthcheck mismatch - gathering metrics"}
{"level":"debug","payload":{"data":{"collection":"LibrarySettingsJSONDB","mode":"getAll","docID":"","obj":{}}},"time":"2024-09-12T02:37:35-04:00","message":"Requesting statistics data from Tdarr"}
{"level":"debug","url":"https://tdarr.homeylab.org/api/v2/cruddb","time":"2024-09-12T02:37:35-04:00","message":"Sending HTTP POST request"}
{"level":"debug","urlPath":"/api/v2/stats/get-pies","payload":{"data":{"libraryId":"CIuwp8jb4"}},"response":{"pieStats":{"totalFiles":112,"totalTranscodeCount":131,"sizeDiff":0.28017985820770264,"totalHealthCheckCount":274,"status":{"transcode":[{"name":"Not required","value":47},{"name":"Transcode success","value":65}],"healthCheck":[{"name":"Error","value":4},{"name":"Success","value":108}]},"video":{"codecs":[{"name":"h264","value":45},{"name":"hevc","value":67}],"containers":[{"name":"mkv","value":111},{"name":"mp4","value":1}],"resolutions":[{"name":"1080p","value":59},{"name":"480p","value":6},{"name":"4KUHD","value":23},{"name":"720p","value":24}]},"audio":{"codecs":[],"containers":[],"resolutions":null}}},"time":"2024-09-12T02:37:35-04:00","message":"Stats API Response"}
{"level":"debug","payload":{"data":{"libraryId":"Kpsplb0v9"}},"time":"2024-09-12T02:37:35-04:00","message":"Requesting Lib stats pie data from Tdarr"}
{"level":"debug","payload":{"data":{"libraryId":"Kpsplb0v9"}},"time":"2024-09-12T02:37:35-04:00","message":"Requesting statistics data from Tdarr"}
{"level":"debug","url":"https://tdarr.homeylab.org/api/v2/stats/get-pies","time":"2024-09-12T02:37:35-04:00","message":"Sending HTTP POST request"}
{"level":"debug","urlPath":"/api/v2/cruddb","payload":{"data":{"collection":"LibrarySettingsJSONDB","mode":"getAll","docID":"","obj":{}}},"response":[{"_id":"CIuwp8jb4","name":"Foreign Movies"},{"_id":"BwvMuegAQ","name":"Foreign Shows"},{"_id":"ZfkUZfgGm","name":"Movies"},{"_id":"Kpsplb0v9","name":"Anime - Dual Audio"},{"_id":"S80kO6nvt","name":"Shows"},{"_id":"RrXWH144g","name":"Anime"}],"time":"2024-09-12T02:37:35-04:00","message":"Stats API Response"}
{"level":"debug","payload":{"data":{"libraryId":"CIuwp8jb4"}},"time":"2024-09-12T02:37:35-04:00","message":"Requesting Lib stats pie data from Tdarr"}
{"level":"debug","payload":{"data":{"libraryId":"CIuwp8jb4"}},"time":"2024-09-12T02:37:35-04:00","message":"Requesting statistics data from Tdarr"}
{"level":"debug","url":"https://tdarr.homeylab.org/api/v2/stats/get-pies","time":"2024-09-12T02:37:35-04:00","message":"Sending HTTP POST request"}
{"level":"debug","payload":{"data":{"libraryId":"ZfkUZfgGm"}},"time":"2024-09-12T02:37:35-04:00","message":"Requesting Lib stats pie data from Tdarr"}
{"level":"debug","payload":{"data":{"libraryId":"ZfkUZfgGm"}},"time":"2024-09-12T02:37:35-04:00","message":"Requesting statistics data from Tdarr"}
{"level":"debug","url":"https://tdarr.homeylab.org/api/v2/stats/get-pies","time":"2024-09-12T02:37:35-04:00","message":"Sending HTTP POST request"}
{"level":"debug","payload":{"data":{"libraryId":"BwvMuegAQ"}},"time":"2024-09-12T02:37:35-04:00","message":"Requesting Lib stats pie data from Tdarr"}
{"level":"debug","payload":{"data":{"libraryId":"BwvMuegAQ"}},"time":"2024-09-12T02:37:35-04:00","message":"Requesting statistics data from Tdarr"}
{"level":"debug","url":"https://tdarr.homeylab.org/api/v2/stats/get-pies","time":"2024-09-12T02:37:35-04:00","message":"Sending HTTP POST request"}
{"level":"debug","urlPath":"/api/v2/stats/get-pies","payload":{"data":{"libraryId":"BwvMuegAQ"}},"response":{"pieStats":{"totalFiles":291,"totalTranscodeCount":660,"sizeDiff":47.27197958249599,"totalHealthCheckCount":840,"status":{"transcode":[{"name":"Not required","value":38},{"name":"Transcode success","value":253}],"healthCheck":[{"name":"Error","value":4},{"name":"Success","value":287}]},"video":{"codecs":[{"name":"h264","value":162},{"name":"hevc","value":129}],"containers":[{"name":"mkv","value":291}],"resolutions":[{"name":"1080p","value":246},{"name":"4KUHD","value":45}]},"audio":{"codecs":[],"containers":[],"resolutions":null}}},"time":"2024-09-12T02:37:35-04:00","message":"Stats API Response"}
{"level":"debug","payload":{"data":{"libraryId":"S80kO6nvt"}},"time":"2024-09-12T02:37:35-04:00","message":"Requesting Lib stats pie data from Tdarr"}
{"level":"debug","payload":{"data":{"libraryId":"S80kO6nvt"}},"time":"2024-09-12T02:37:35-04:00","message":"Requesting statistics data from Tdarr"}
{"level":"debug","url":"https://tdarr.homeylab.org/api/v2/stats/get-pies","time":"2024-09-12T02:37:35-04:00","message":"Sending HTTP POST request"}
{"level":"debug","urlPath":"/api/v2/stats/get-pies","payload":{"data":{"libraryId":"ZfkUZfgGm"}},"response":{"pieStats":{"totalFiles":1015,"totalTranscodeCount":2584,"sizeDiff":-58.5462930239737,"totalHealthCheckCount":3597,"status":{"transcode":[{"name":"Ignored","value":2},{"name":"Not required","value":156},{"name":"Transcode error","value":2},{"name":"Transcode success","value":855}],"healthCheck":[{"name":"Error","value":47},{"name":"Success","value":968}]},"video":{"codecs":[{"name":"h264","value":110},{"name":"hevc","value":901},{"name":"mpeg2video","value":3},{"name":"vc1","value":1}],"containers":[{"name":"mkv","value":983},{"name":"mp4","value":32}],"resolutions":[{"name":"1080p","value":367},{"name":"480p","value":11},{"name":"4KUHD","value":637}]},"audio":{"codecs":[],"containers":[],"resolutions":null}}},"time":"2024-09-12T02:37:35-04:00","message":"Stats API Response"}
{"level":"debug","payload":{"data":{"libraryId":"RrXWH144g"}},"time":"2024-09-12T02:37:35-04:00","message":"Requesting Lib stats pie data from Tdarr"}
{"level":"debug","payload":{"data":{"libraryId":"RrXWH144g"}},"time":"2024-09-12T02:37:35-04:00","message":"Requesting statistics data from Tdarr"}
{"level":"debug","url":"https://tdarr.homeylab.org/api/v2/stats/get-pies","time":"2024-09-12T02:37:35-04:00","message":"Sending HTTP POST request"}
{"level":"debug","urlPath":"/api/v2/stats/get-pies","payload":{"data":{"libraryId":"BwvMuegAQ"}},"response":{"pieStats":{"totalFiles":291,"totalTranscodeCount":660,"sizeDiff":47.27197958249599,"totalHealthCheckCount":840,"status":{"transcode":[{"name":"Not required","value":38},{"name":"Transcode success","value":253}],"healthCheck":[{"name":"Error","value":4},{"name":"Success","value":287}]},"video":{"codecs":[{"name":"h264","value":162},{"name":"hevc","value":129}],"containers":[{"name":"mkv","value":291}],"resolutions":[{"name":"1080p","value":246},{"name":"4KUHD","value":45}]},"audio":{"codecs":[],"containers":[],"resolutions":null}}},"time":"2024-09-12T02:37:35-04:00","message":"Stats API Response"}
{"level":"debug","payload":{"data":{"libraryId":"Kpsplb0v9"}},"time":"2024-09-12T02:37:35-04:00","message":"Requesting Lib stats pie data from Tdarr"}
{"level":"debug","payload":{"data":{"libraryId":"Kpsplb0v9"}},"time":"2024-09-12T02:37:35-04:00","message":"Requesting statistics data from Tdarr"}
{"level":"debug","url":"https://tdarr.homeylab.org/api/v2/stats/get-pies","time":"2024-09-12T02:37:35-04:00","message":"Sending HTTP POST request"}
{"level":"debug","urlPath":"/api/v2/stats/get-pies","payload":{"data":{"libraryId":"Kpsplb0v9"}},"response":{"pieStats":{"totalFiles":1929,"totalTranscodeCount":4298,"sizeDiff":76.49648072198033,"totalHealthCheckCount":6869,"status":{"transcode":[{"name":"Not required","value":1466},{"name":"Transcode success","value":463}],"healthCheck":[{"name":"Error","value":4},{"name":"Success","value":1925}]},"video":{"codecs":[{"name":"av1","value":500},{"name":"h264","value":791},{"name":"hevc","value":634}],"containers":[{"name":"mkv","value":1925}],"resolutions":[{"name":"1080p","value":1476},{"name":"480p","value":449}]},"audio":{"codecs":[],"containers":[],"resolutions":null}}},"time":"2024-09-12T02:37:35-04:00","message":"Stats API Response"}
{"level":"debug","payload":{"data":{"libraryId":""}},"time":"2024-09-12T02:37:35-04:00","message":"Requesting Lib stats pie data from Tdarr"}
{"level":"debug","payload":{"data":{"libraryId":""}},"time":"2024-09-12T02:37:35-04:00","message":"Requesting statistics data from Tdarr"}
{"level":"debug","url":"https://tdarr.homeylab.org/api/v2/stats/get-pies","time":"2024-09-12T02:37:35-04:00","message":"Sending HTTP POST request"}
{"level":"debug","urlPath":"/api/v2/stats/get-pies","payload":{"data":{"libraryId":"CIuwp8jb4"}},"response":{"pieStats":{"totalFiles":112,"totalTranscodeCount":131,"sizeDiff":0.28017985820770264,"totalHealthCheckCount":274,"status":{"transcode":[{"name":"Not required","value":47},{"name":"Transcode success","value":65}],"healthCheck":[{"name":"Error","value":4},{"name":"Success","value":108}]},"video":{"codecs":[{"name":"h264","value":45},{"name":"hevc","value":67}],"containers":[{"name":"mkv","value":111},{"name":"mp4","value":1}],"resolutions":[{"name":"1080p","value":59},{"name":"480p","value":6},{"name":"4KUHD","value":23},{"name":"720p","value":24}]},"audio":{"codecs":[],"containers":[],"resolutions":null}}},"time":"2024-09-12T02:37:35-04:00","message":"Stats API Response"}
{"level":"debug","payload":{"data":{"libraryId":"S80kO6nvt"}},"time":"2024-09-12T02:37:35-04:00","message":"Requesting Lib stats pie data from Tdarr"}
{"level":"debug","payload":{"data":{"libraryId":"S80kO6nvt"}},"time":"2024-09-12T02:37:35-04:00","message":"Requesting statistics data from Tdarr"}
{"level":"debug","url":"https://tdarr.homeylab.org/api/v2/stats/get-pies","time":"2024-09-12T02:37:35-04:00","message":"Sending HTTP POST request"}
{"level":"debug","urlPath":"/api/v2/stats/get-pies","payload":{"data":{"libraryId":"ZfkUZfgGm"}},"response":{"pieStats":{"totalFiles":1015,"totalTranscodeCount":2584,"sizeDiff":-58.5462930239737,"totalHealthCheckCount":3597,"status":{"transcode":[{"name":"Ignored","value":2},{"name":"Not required","value":156},{"name":"Transcode error","value":2},{"name":"Transcode success","value":855}],"healthCheck":[{"name":"Error","value":47},{"name":"Success","value":968}]},"video":{"codecs":[{"name":"h264","value":110},{"name":"hevc","value":901},{"name":"mpeg2video","value":3},{"name":"vc1","value":1}],"containers":[{"name":"mkv","value":983},{"name":"mp4","value":32}],"resolutions":[{"name":"1080p","value":367},{"name":"480p","value":11},{"name":"4KUHD","value":637}]},"audio":{"codecs":[],"containers":[],"resolutions":null}}},"time":"2024-09-12T02:37:36-04:00","message":"Stats API Response"}
{"level":"debug","payload":{"data":{"libraryId":"RrXWH144g"}},"time":"2024-09-12T02:37:36-04:00","message":"Requesting Lib stats pie data from Tdarr"}
{"level":"debug","payload":{"data":{"libraryId":"RrXWH144g"}},"time":"2024-09-12T02:37:36-04:00","message":"Requesting statistics data from Tdarr"}
{"level":"debug","url":"https://tdarr.homeylab.org/api/v2/stats/get-pies","time":"2024-09-12T02:37:36-04:00","message":"Sending HTTP POST request"}
{"level":"debug","urlPath":"/api/v2/stats/get-pies","payload":{"data":{"libraryId":"RrXWH144g"}},"response":{"pieStats":{"totalFiles":2950,"totalTranscodeCount":4997,"sizeDiff":235.67056814860553,"totalHealthCheckCount":5786,"status":{"transcode":[{"name":"Not required","value":1749},{"name":"Transcode success","value":1201}],"healthCheck":[{"name":"Error","value":1},{"name":"Success","value":2949}]},"video":{"codecs":[{"name":"h264","value":969},{"name":"hevc","value":1981}],"containers":[{"name":"mkv","value":2950}],"resolutions":[{"name":"1080p","value":2412},{"name":"480p","value":153},{"name":"4KUHD","value":38},{"name":"720p","value":347}]},"audio":{"codecs":[],"containers":[],"resolutions":null}}},"time":"2024-09-12T02:37:36-04:00","message":"Stats API Response"}
{"level":"debug","urlPath":"/api/v2/stats/get-pies","payload":{"data":{"libraryId":"S80kO6nvt"}},"response":{"pieStats":{"totalFiles":14599,"totalTranscodeCount":24918,"sizeDiff":-183.58261105045676,"totalHealthCheckCount":40993,"status":{"transcode":[{"name":"Not required","value":5208},{"name":"Transcode error","value":286},{"name":"Transcode success","value":9105}],"healthCheck":[{"name":"Error","value":788},{"name":"Success","value":13811}]},"video":{"codecs":[{"name":"av1","value":4},{"name":"h264","value":4294},{"name":"hevc","value":10253},{"name":"mpeg4","value":48}],"containers":[{"name":"avi","value":48},{"name":"mkv","value":14273},{"name":"mp4","value":278}],"resolutions":[{"name":"1080p","value":12145},{"name":"480p","value":940},{"name":"4KUHD","value":1003},{"name":"576p","value":239},{"name":"720p","value":272}]},"audio":{"codecs":[],"containers":[],"resolutions":null}}},"time":"2024-09-12T02:37:36-04:00","message":"Stats API Response"}
{"level":"debug","urlPath":"/api/v2/stats/get-pies","payload":{"data":{"libraryId":"Kpsplb0v9"}},"response":{"pieStats":{"totalFiles":1929,"totalTranscodeCount":4298,"sizeDiff":76.49648072198033,"totalHealthCheckCount":6869,"status":{"transcode":[{"name":"Not required","value":1466},{"name":"Transcode success","value":463}],"healthCheck":[{"name":"Error","value":4},{"name":"Success","value":1925}]},"video":{"codecs":[{"name":"av1","value":500},{"name":"h264","value":791},{"name":"hevc","value":634}],"containers":[{"name":"mkv","value":1925}],"resolutions":[{"name":"1080p","value":1476},{"name":"480p","value":449}]},"audio":{"codecs":[],"containers":[],"resolutions":null}}},"time":"2024-09-12T02:37:36-04:00","message":"Stats API Response"}
{"level":"debug","payload":{"data":{"libraryId":""}},"time":"2024-09-12T02:37:36-04:00","message":"Requesting Lib stats pie data from Tdarr"}
{"level":"debug","payload":{"data":{"libraryId":""}},"time":"2024-09-12T02:37:36-04:00","message":"Requesting statistics data from Tdarr"}
{"level":"debug","url":"https://tdarr.homeylab.org/api/v2/stats/get-pies","time":"2024-09-12T02:37:36-04:00","message":"Sending HTTP POST request"}
{"level":"debug","urlPath":"/api/v2/stats/get-pies","payload":{"data":{"libraryId":""}},"response":{"pieStats":{"totalFiles":20896,"totalTranscodeCount":34320,"sizeDiff":53.06268576811999,"totalHealthCheckCount":55432,"status":{"transcode":[{"name":"Ignored","value":2},{"name":"Not required","value":8664},{"name":"Transcode error","value":288},{"name":"Transcode success","value":11942}],"healthCheck":[{"name":"Error","value":848},{"name":"Success","value":20048}]},"video":{"codecs":[{"name":"av1","value":504},{"name":"h264","value":6371},{"name":"hevc","value":13965},{"name":"mpeg2video","value":3},{"name":"mpeg4","value":48},{"name":"vc1","value":1}],"containers":[{"name":"avi","value":48},{"name":"mkv","value":20533},{"name":"mp4","value":311}],"resolutions":[{"name":"1080p","value":16705},{"name":"480p","value":1559},{"name":"4KUHD","value":1746},{"name":"576p","value":239},{"name":"720p","value":643}]},"audio":{"codecs":[],"containers":[],"resolutions":null}}},"time":"2024-09-12T02:37:37-04:00","message":"Stats API Response"}
{"level":"debug","time":"2024-09-12T02:37:37-04:00","message":"All library stats gathered - setting cache"}
{"level":"debug","url":"https://tdarr.homeylab.org/api/v2/get-nodes","time":"2024-09-12T02:37:37-04:00","message":"Sending HTTP request"}
{"level":"debug","response":{"QpaKGqwgW":{"_id":"QpaKGqwgW","nodeName":"TdarrCpuNode","remoteAddress":"::ffff:127.0.0.1","config":{"serverIP":"0.0.0.0","serverPort":"8266","priority":-1,"processPid":210},"workerLimits":{"healthcheckcpu":1,"healthcheckgpu":0,"transcodecpu":1,"transcodegpu":0},"gpuSelect":"-","nodePaused":false,"priority":0,"workers":{},"resStats":{"process":{"uptime":216026,"heapUsedMB":"16.1","heapTotalMB":"19.9"},"os":{"cpuPerc":"4.41","memUsedGB":"1.4","memTotalGB":"4.7"}},"queueLengths":{"healthcheckcpu":0,"healthcheckgpu":0,"transcodecpu":0,"transcodegpu":0}}},"time":"2024-09-12T02:37:37-04:00","message":"Node Api Response"}
{"level":"debug","nodeId":"QpaKGqwgW","nodeName":"TdarrCpuNode","heapUsedMb":"16.1","time":"2024-09-12T02:37:37-04:00","message":"Node heap used mb"}
{"level":"debug","nodeId":"QpaKGqwgW","nodeName":"TdarrCpuNode","heapUsedMb":16.1,"time":"2024-09-12T02:37:37-04:00","message":"Node heap information"}
{"level":"debug","nodeId":"QpaKGqwgW","nodeName":"TdarrCpuNode","heapTotalMb":"19.9","time":"2024-09-12T02:37:37-04:00","message":"Node heap total mb"}
{"level":"debug","nodeId":"QpaKGqwgW","nodeName":"TdarrCpuNode","cpuPercent":"4.41","time":"2024-09-12T02:37:37-04:00","message":"Node cpu percent"}
{"level":"debug","nodeId":"QpaKGqwgW","nodeName":"TdarrCpuNode","memUsedGb":"1.4","time":"2024-09-12T02:37:37-04:00","message":"Node mem used gb"}
{"level":"debug","nodeId":"QpaKGqwgW","nodeName":"TdarrCpuNode","memTotalGb":"4.7","time":"2024-09-12T02:37:37-04:00","message":"Node mem total gb"}
{"level":"debug","method":"GET","request_uri":"/metrics","proto":"HTTP/1.1","duration_seconds":2.892894865,"time":"2024-09-12T02:37:37-04:00","message":"Incoming request"}
{"level":"debug","urlPath":"/api/v2/stats/get-pies","payload":{"data":{"libraryId":"RrXWH144g"}},"response":{"pieStats":{"totalFiles":2950,"totalTranscodeCount":4997,"sizeDiff":235.67056814860553,"totalHealthCheckCount":5786,"status":{"transcode":[{"name":"Not required","value":1749},{"name":"Transcode success","value":1201}],"healthCheck":[{"name":"Error","value":1},{"name":"Success","value":2949}]},"video":{"codecs":[{"name":"h264","value":969},{"name":"hevc","value":1981}],"containers":[{"name":"mkv","value":2950}],"resolutions":[{"name":"1080p","value":2412},{"name":"480p","value":153},{"name":"4KUHD","value":38},{"name":"720p","value":347}]},"audio":{"codecs":[],"containers":[],"resolutions":null}}},"time":"2024-09-12T02:37:37-04:00","message":"Stats API Response"}
{"level":"debug","urlPath":"/api/v2/stats/get-pies","payload":{"data":{"libraryId":"S80kO6nvt"}},"response":{"pieStats":{"totalFiles":14599,"totalTranscodeCount":24918,"sizeDiff":-183.58261105045676,"totalHealthCheckCount":40993,"status":{"transcode":[{"name":"Not required","value":5208},{"name":"Transcode error","value":286},{"name":"Transcode success","value":9105}],"healthCheck":[{"name":"Error","value":788},{"name":"Success","value":13811}]},"video":{"codecs":[{"name":"av1","value":4},{"name":"h264","value":4294},{"name":"hevc","value":10253},{"name":"mpeg4","value":48}],"containers":[{"name":"avi","value":48},{"name":"mkv","value":14273},{"name":"mp4","value":278}],"resolutions":[{"name":"1080p","value":12145},{"name":"480p","value":940},{"name":"4KUHD","value":1003},{"name":"576p","value":239},{"name":"720p","value":272}]},"audio":{"codecs":[],"containers":[],"resolutions":null}}},"time":"2024-09-12T02:37:38-04:00","message":"Stats API Response"}
{"level":"debug","urlPath":"/api/v2/stats/get-pies","payload":{"data":{"libraryId":""}},"response":{"pieStats":{"totalFiles":20896,"totalTranscodeCount":34320,"sizeDiff":53.06268576811999,"totalHealthCheckCount":55432,"status":{"transcode":[{"name":"Ignored","value":2},{"name":"Not required","value":8664},{"name":"Transcode error","value":288},{"name":"Transcode success","value":11942}],"healthCheck":[{"name":"Error","value":848},{"name":"Success","value":20048}]},"video":{"codecs":[{"name":"av1","value":504},{"name":"h264","value":6371},{"name":"hevc","value":13965},{"name":"mpeg2video","value":3},{"name":"mpeg4","value":48},{"name":"vc1","value":1}],"containers":[{"name":"avi","value":48},{"name":"mkv","value":20533},{"name":"mp4","value":311}],"resolutions":[{"name":"1080p","value":16705},{"name":"480p","value":1559},{"name":"4KUHD","value":1746},{"name":"576p","value":239},{"name":"720p","value":643}]},"audio":{"codecs":[],"containers":[],"resolutions":null}}},"time":"2024-09-12T02:37:38-04:00","message":"Stats API Response"}
{"level":"debug","time":"2024-09-12T02:37:38-04:00","message":"All library stats gathered - setting cache"}
{"level":"debug","url":"https://tdarr.homeylab.org/api/v2/get-nodes","time":"2024-09-12T02:37:38-04:00","message":"Sending HTTP request"}
{"level":"debug","response":{"QpaKGqwgW":{"_id":"QpaKGqwgW","nodeName":"TdarrCpuNode","remoteAddress":"::ffff:127.0.0.1","config":{"serverIP":"0.0.0.0","serverPort":"8266","priority":-1,"processPid":210},"workerLimits":{"healthcheckcpu":1,"healthcheckgpu":0,"transcodecpu":1,"transcodegpu":0},"gpuSelect":"-","nodePaused":false,"priority":0,"workers":{},"resStats":{"process":{"uptime":216026,"heapUsedMB":"16.1","heapTotalMB":"19.9"},"os":{"cpuPerc":"4.41","memUsedGB":"1.4","memTotalGB":"4.7"}},"queueLengths":{"healthcheckcpu":0,"healthcheckgpu":0,"transcodecpu":0,"transcodegpu":0}}},"time":"2024-09-12T02:37:38-04:00","message":"Node Api Response"}
{"level":"debug","nodeId":"QpaKGqwgW","nodeName":"TdarrCpuNode","heapUsedMb":"16.1","time":"2024-09-12T02:37:38-04:00","message":"Node heap used mb"}
{"level":"debug","nodeId":"QpaKGqwgW","nodeName":"TdarrCpuNode","heapUsedMb":16.1,"time":"2024-09-12T02:37:38-04:00","message":"Node heap information"}
{"level":"debug","nodeId":"QpaKGqwgW","nodeName":"TdarrCpuNode","heapTotalMb":"19.9","time":"2024-09-12T02:37:38-04:00","message":"Node heap total mb"}
{"level":"debug","nodeId":"QpaKGqwgW","nodeName":"TdarrCpuNode","cpuPercent":"4.41","time":"2024-09-12T02:37:38-04:00","message":"Node cpu percent"}
{"level":"debug","nodeId":"QpaKGqwgW","nodeName":"TdarrCpuNode","memUsedGb":"1.4","time":"2024-09-12T02:37:38-04:00","message":"Node mem used gb"}
{"level":"debug","nodeId":"QpaKGqwgW","nodeName":"TdarrCpuNode","memTotalGb":"4.7","time":"2024-09-12T02:37:38-04:00","message":"Node mem total gb"}
{"level":"debug","method":"GET","request_uri":"/metrics","proto":"HTTP/1.1","duration_seconds":3.845264167,"time":"2024-09-12T02:37:38-04:00","message":"Incoming request"}
{"level":"debug","payload":{"data":{"collection":"StatisticsJSONDB","mode":"getById","docID":"statistics","obj":{}}},"time":"2024-09-12T02:37:52-04:00","message":"Requesting statistics data from Tdarr"}
{"level":"debug","url":"https://tdarr.homeylab.org/api/v2/cruddb","time":"2024-09-12T02:37:52-04:00","message":"Sending HTTP POST request"}
{"level":"debug","urlPath":"/api/v2/cruddb","payload":{"data":{"collection":"StatisticsJSONDB","mode":"getById","docID":"statistics","obj":{}}},"response":{"totalFileCount":20896,"totalTranscodeCount":34320,"totalHealthCheckCount":55432,"sizeDiff":53.06268576811999,"pies":[],"tdarrScore":"98.62","healthCheckScore":"95.94","avgNumberOfStreamsInVideo":5.265702119423207,"streamStats":{"duration":{"average":2257,"highest":10159,"total":803389},"bit_rate":{"average":2822903,"highest":16049561,"total":999307507},"nb_frames":{"average":60357,"highest":243552,"total":21426402}}},"time":"2024-09-12T02:37:52-04:00","message":"Stats API Response"}
{"level":"debug","time":"2024-09-12T02:37:52-04:00","message":"No pie data found in general stats response, attempting to parse via new API `/api/v2/stats/get-pies`"}
{"level":"debug","time":"2024-09-12T02:37:52-04:00","message":"Using cached library stats - api file count matches cached value"}
{"level":"debug","url":"https://tdarr.homeylab.org/api/v2/get-nodes","time":"2024-09-12T02:37:52-04:00","message":"Sending HTTP request"}
{"level":"debug","response":{"QpaKGqwgW":{"_id":"QpaKGqwgW","nodeName":"TdarrCpuNode","remoteAddress":"::ffff:127.0.0.1","config":{"serverIP":"0.0.0.0","serverPort":"8266","priority":-1,"processPid":210},"workerLimits":{"healthcheckcpu":1,"healthcheckgpu":0,"transcodecpu":1,"transcodegpu":0},"gpuSelect":"-","nodePaused":false,"priority":0,"workers":{},"resStats":{"process":{"uptime":216048,"heapUsedMB":"16.4","heapTotalMB":"19.9"},"os":{"cpuPerc":"0.75","memUsedGB":"1.4","memTotalGB":"4.7"}},"queueLengths":{"healthcheckcpu":0,"healthcheckgpu":0,"transcodecpu":0,"transcodegpu":0}}},"time":"2024-09-12T02:37:52-04:00","message":"Node Api Response"}
{"level":"debug","nodeId":"QpaKGqwgW","nodeName":"TdarrCpuNode","heapUsedMb":"16.4","time":"2024-09-12T02:37:52-04:00","message":"Node heap used mb"}
{"level":"debug","nodeId":"QpaKGqwgW","nodeName":"TdarrCpuNode","heapUsedMb":16.4,"time":"2024-09-12T02:37:52-04:00","message":"Node heap information"}
{"level":"debug","nodeId":"QpaKGqwgW","nodeName":"TdarrCpuNode","heapTotalMb":"19.9","time":"2024-09-12T02:37:52-04:00","message":"Node heap total mb"}
{"level":"debug","nodeId":"QpaKGqwgW","nodeName":"TdarrCpuNode","cpuPercent":"0.75","time":"2024-09-12T02:37:52-04:00","message":"Node cpu percent"}
{"level":"debug","nodeId":"QpaKGqwgW","nodeName":"TdarrCpuNode","memUsedGb":"1.4","time":"2024-09-12T02:37:52-04:00","message":"Node mem used gb"}
{"level":"debug","nodeId":"QpaKGqwgW","nodeName":"TdarrCpuNode","memTotalGb":"4.7","time":"2024-09-12T02:37:52-04:00","message":"Node mem total gb"}
{"level":"debug","method":"GET","request_uri":"/metrics","proto":"HTTP/1.1","duration_seconds":0.005556008,"time":"2024-09-12T02:37:52-04:00","message":"Incoming request"}
{"level":"debug","payload":{"data":{"collection":"StatisticsJSONDB","mode":"getById","docID":"statistics","obj":{}}},"time":"2024-09-12T02:37:53-04:00","message":"Requesting statistics data from Tdarr"}
{"level":"debug","url":"https://tdarr.homeylab.org/api/v2/cruddb","time":"2024-09-12T02:37:53-04:00","message":"Sending HTTP POST request"}
{"level":"debug","urlPath":"/api/v2/cruddb","payload":{"data":{"collection":"StatisticsJSONDB","mode":"getById","docID":"statistics","obj":{}}},"response":{"totalFileCount":20896,"totalTranscodeCount":34320,"totalHealthCheckCount":55432,"sizeDiff":53.06268576811999,"pies":[],"tdarrScore":"98.62","healthCheckScore":"95.94","avgNumberOfStreamsInVideo":5.265702119423207,"streamStats":{"duration":{"average":2257,"highest":10159,"total":803389},"bit_rate":{"average":2822903,"highest":16049561,"total":999307507},"nb_frames":{"average":60357,"highest":243552,"total":21426402}}},"time":"2024-09-12T02:37:53-04:00","message":"Stats API Response"}
{"level":"debug","time":"2024-09-12T02:37:53-04:00","message":"No pie data found in general stats response, attempting to parse via new API `/api/v2/stats/get-pies`"}
{"level":"debug","time":"2024-09-12T02:37:53-04:00","message":"Using cached library stats - api file count matches cached value"}
{"level":"debug","url":"https://tdarr.homeylab.org/api/v2/get-nodes","time":"2024-09-12T02:37:53-04:00","message":"Sending HTTP request"}
{"level":"debug","response":{"QpaKGqwgW":{"_id":"QpaKGqwgW","nodeName":"TdarrCpuNode","remoteAddress":"::ffff:127.0.0.1","config":{"serverIP":"0.0.0.0","serverPort":"8266","priority":-1,"processPid":210},"workerLimits":{"healthcheckcpu":1,"healthcheckgpu":0,"transcodecpu":1,"transcodegpu":0},"gpuSelect":"-","nodePaused":false,"priority":0,"workers":{},"resStats":{"process":{"uptime":216048,"heapUsedMB":"16.4","heapTotalMB":"19.9"},"os":{"cpuPerc":"0.75","memUsedGB":"1.4","memTotalGB":"4.7"}},"queueLengths":{"healthcheckcpu":0,"healthcheckgpu":0,"transcodecpu":0,"transcodegpu":0}}},"time":"2024-09-12T02:37:53-04:00","message":"Node Api Response"}
{"level":"debug","nodeId":"QpaKGqwgW","nodeName":"TdarrCpuNode","heapUsedMb":"16.4","time":"2024-09-12T02:37:53-04:00","message":"Node heap used mb"}
{"level":"debug","nodeId":"QpaKGqwgW","nodeName":"TdarrCpuNode","heapUsedMb":16.4,"time":"2024-09-12T02:37:53-04:00","message":"Node heap information"}
{"level":"debug","nodeId":"QpaKGqwgW","nodeName":"TdarrCpuNode","heapTotalMb":"19.9","time":"2024-09-12T02:37:53-04:00","message":"Node heap total mb"}
{"level":"debug","nodeId":"QpaKGqwgW","nodeName":"TdarrCpuNode","cpuPercent":"0.75","time":"2024-09-12T02:37:53-04:00","message":"Node cpu percent"}
{"level":"debug","nodeId":"QpaKGqwgW","nodeName":"TdarrCpuNode","memUsedGb":"1.4","time":"2024-09-12T02:37:53-04:00","message":"Node mem used gb"}
{"level":"debug","nodeId":"QpaKGqwgW","nodeName":"TdarrCpuNode","memTotalGb":"4.7","time":"2024-09-12T02:37:53-04:00","message":"Node mem total gb"}
{"level":"debug","method":"GET","request_uri":"/metrics","proto":"HTTP/1.1","duration_seconds":0.004223223,"time":"2024-09-12T02:37:53-04:00","message":"Incoming request"}
{"level":"debug","payload":{"data":{"collection":"StatisticsJSONDB","mode":"getById","docID":"statistics","obj":{}}},"time":"2024-09-12T02:40:16-04:00","message":"Requesting statistics data from Tdarr"}
{"level":"debug","url":"https://tdarr.homeylab.org/api/v2/cruddb","time":"2024-09-12T02:40:16-04:00","message":"Sending HTTP POST request"}
{"level":"debug","urlPath":"/api/v2/cruddb","payload":{"data":{"collection":"StatisticsJSONDB","mode":"getById","docID":"statistics","obj":{}}},"response":{"totalFileCount":20896,"totalTranscodeCount":34320,"totalHealthCheckCount":55432,"sizeDiff":53.06268576811999,"pies":[],"tdarrScore":"98.62","healthCheckScore":"95.94","avgNumberOfStreamsInVideo":5.265702119423207,"streamStats":{"duration":{"average":2257,"highest":10159,"total":803389},"bit_rate":{"average":2822903,"highest":16049561,"total":999307507},"nb_frames":{"average":60357,"highest":243552,"total":21426402}}},"time":"2024-09-12T02:40:16-04:00","message":"Stats API Response"}
{"level":"debug","time":"2024-09-12T02:40:16-04:00","message":"No pie data found in general stats response, attempting to parse via new API `/api/v2/stats/get-pies`"}
{"level":"debug","time":"2024-09-12T02:40:16-04:00","message":"Using cached library stats - api file count matches cached value"}
{"level":"debug","url":"https://tdarr.homeylab.org/api/v2/get-nodes","time":"2024-09-12T02:40:16-04:00","message":"Sending HTTP request"}
{"level":"debug","response":{"QpaKGqwgW":{"_id":"QpaKGqwgW","nodeName":"TdarrCpuNode","remoteAddress":"::ffff:127.0.0.1","config":{"serverIP":"0.0.0.0","serverPort":"8266","priority":-1,"processPid":210},"workerLimits":{"healthcheckcpu":1,"healthcheckgpu":0,"transcodecpu":1,"transcodegpu":0},"gpuSelect":"-","nodePaused":false,"priority":0,"workers":{},"resStats":{"process":{"uptime":216191,"heapUsedMB":"16.5","heapTotalMB":"19.9"},"os":{"cpuPerc":"0.12","memUsedGB":"1.4","memTotalGB":"4.7"}},"queueLengths":{"healthcheckcpu":0,"healthcheckgpu":0,"transcodecpu":0,"transcodegpu":0}}},"time":"2024-09-12T02:40:16-04:00","message":"Node Api Response"}
{"level":"debug","nodeId":"QpaKGqwgW","nodeName":"TdarrCpuNode","heapUsedMb":"16.5","time":"2024-09-12T02:40:16-04:00","message":"Node heap used mb"}
{"level":"debug","nodeId":"QpaKGqwgW","nodeName":"TdarrCpuNode","heapUsedMb":16.5,"time":"2024-09-12T02:40:16-04:00","message":"Node heap information"}
{"level":"debug","nodeId":"QpaKGqwgW","nodeName":"TdarrCpuNode","heapTotalMb":"19.9","time":"2024-09-12T02:40:16-04:00","message":"Node heap total mb"}
{"level":"debug","nodeId":"QpaKGqwgW","nodeName":"TdarrCpuNode","cpuPercent":"0.12","time":"2024-09-12T02:40:16-04:00","message":"Node cpu percent"}
{"level":"debug","nodeId":"QpaKGqwgW","nodeName":"TdarrCpuNode","memUsedGb":"1.4","time":"2024-09-12T02:40:16-04:00","message":"Node mem used gb"}
{"level":"debug","nodeId":"QpaKGqwgW","nodeName":"TdarrCpuNode","memTotalGb":"4.7","time":"2024-09-12T02:40:16-04:00","message":"Node mem total gb"}
{"level":"debug","method":"GET","request_uri":"/metrics","proto":"HTTP/1.1","duration_seconds":0.010776106,"time":"2024-09-12T02:40:16-04:00","message":"Incoming request"}
{"level":"debug","payload":{"data":{"collection":"StatisticsJSONDB","mode":"getById","docID":"statistics","obj":{}}},"time":"2024-09-12T02:40:16-04:00","message":"Requesting statistics data from Tdarr"}
{"level":"debug","url":"https://tdarr.homeylab.org/api/v2/cruddb","time":"2024-09-12T02:40:16-04:00","message":"Sending HTTP POST request"}
{"level":"debug","urlPath":"/api/v2/cruddb","payload":{"data":{"collection":"StatisticsJSONDB","mode":"getById","docID":"statistics","obj":{}}},"response":{"totalFileCount":20896,"totalTranscodeCount":34320,"totalHealthCheckCount":55432,"sizeDiff":53.06268576811999,"pies":[],"tdarrScore":"98.62","healthCheckScore":"95.94","avgNumberOfStreamsInVideo":5.265702119423207,"streamStats":{"duration":{"average":2257,"highest":10159,"total":803389},"bit_rate":{"average":2822903,"highest":16049561,"total":999307507},"nb_frames":{"average":60357,"highest":243552,"total":21426402}}},"time":"2024-09-12T02:40:16-04:00","message":"Stats API Response"}
{"level":"debug","time":"2024-09-12T02:40:16-04:00","message":"No pie data found in general stats response, attempting to parse via new API `/api/v2/stats/get-pies`"}
{"level":"debug","time":"2024-09-12T02:40:16-04:00","message":"Using cached library stats - api file count matches cached value"}
{"level":"debug","url":"https://tdarr.homeylab.org/api/v2/get-nodes","time":"2024-09-12T02:40:16-04:00","message":"Sending HTTP request"}
{"level":"debug","response":{"QpaKGqwgW":{"_id":"QpaKGqwgW","nodeName":"TdarrCpuNode","remoteAddress":"::ffff:127.0.0.1","config":{"serverIP":"0.0.0.0","serverPort":"8266","priority":-1,"processPid":210},"workerLimits":{"healthcheckcpu":1,"healthcheckgpu":0,"transcodecpu":1,"transcodegpu":0},"gpuSelect":"-","nodePaused":false,"priority":0,"workers":{},"resStats":{"process":{"uptime":216191,"heapUsedMB":"16.5","heapTotalMB":"19.9"},"os":{"cpuPerc":"0.12","memUsedGB":"1.4","memTotalGB":"4.7"}},"queueLengths":{"healthcheckcpu":0,"healthcheckgpu":0,"transcodecpu":0,"transcodegpu":0}}},"time":"2024-09-12T02:40:16-04:00","message":"Node Api Response"}
{"level":"debug","nodeId":"QpaKGqwgW","nodeName":"TdarrCpuNode","heapUsedMb":"16.5","time":"2024-09-12T02:40:16-04:00","message":"Node heap used mb"}
{"level":"debug","nodeId":"QpaKGqwgW","nodeName":"TdarrCpuNode","heapUsedMb":16.5,"time":"2024-09-12T02:40:16-04:00","message":"Node heap information"}
{"level":"debug","nodeId":"QpaKGqwgW","nodeName":"TdarrCpuNode","heapTotalMb":"19.9","time":"2024-09-12T02:40:16-04:00","message":"Node heap total mb"}
{"level":"debug","nodeId":"QpaKGqwgW","nodeName":"TdarrCpuNode","cpuPercent":"0.12","time":"2024-09-12T02:40:16-04:00","message":"Node cpu percent"}
{"level":"debug","nodeId":"QpaKGqwgW","nodeName":"TdarrCpuNode","memUsedGb":"1.4","time":"2024-09-12T02:40:16-04:00","message":"Node mem used gb"}
{"level":"debug","nodeId":"QpaKGqwgW","nodeName":"TdarrCpuNode","memTotalGb":"4.7","time":"2024-09-12T02:40:16-04:00","message":"Node mem total gb"}
{"level":"debug","method":"GET","request_uri":"/metrics","proto":"HTTP/1.1","duration_seconds":0.004662867,"time":"2024-09-12T02:40:16-04:00","message":"Incoming request"}
{"level":"info","time":"2024-09-12T02:40:18-04:00","message":"Received Interrupt - shutting down..."}
{"level":"info","time":"2024-09-12T02:40:18-04:00","message":"Shutting down HTTP Server"}
{"level":"info","time":"2024-09-12T02:40:18-04:00","message":"HTTP Server shutdown gracefully"}
{"level":"info","time":"2024-09-12T02:40:18-04:00","message":"Gracefully shutdown tdarr exporter"}
